[INFO|get_track_data|L145] 2026-04-13T22:31:28+0200: 18304. Lips That Would Kiss - Remaster by The Durutti Column have been processed.
[INFO|get_track_data|L145] 2026-04-13T22:31:28+0200: 18305. Madeleine - Remaster by The Durutti Column have been processed.
[INFO|get_track_data|L145] 2026-04-13T22:31:29+0200: 18306. Experiment In Fifth - Graveyard Studio Demo - 1981 by The Durutti Column have been processed.
[INFO|get_track_data|L145] 2026-04-13T22:31:30+0200: 18307. The First Aspect Of The Same Thing - Remaster by Martin Hannett have been processed.
[INFO|get_track_data|L145] 2026-04-13T22:31:30+0200: 18308. The Second Aspect Of The Same Thing - Remaster by Martin Hannett have been processed.
[INFO|get_track_data|L145] 2026-04-13T22:31:31+0200: 18309. Piece For An Ideal - Remaster by The Durutti Column have been processed.
[INFO|get_track_data|L145] 2026-04-13T22:31:31+0200: 18310. Sleep Will Come - Remaster by The Durutti Column have been processed.
[INFO|get_track_data|L145] 2026-04-13T22:31:32+0200: 18311. No Communication - Remaster by The Durutti Column have been processed.
[INFO|get_track_data|L145] 2026-04-13T22:31:32+0200: 18312. Thin Ice - Remaster by The Durutti Column have been processed.
[INFO|get_track_data|L145] 2026-04-13T22:31:33+0200: 18313. Won't Look Out - Remaster by Gammer And His Familials have been processed.
[INFO|get_track_data|L145] 2026-04-13T22:31:34+0200: 18314. Intervals - Home Recording - 1978 by The Durutti Column have been processed.
[INFO|get_track_data|L145] 2026-04-13T22:31:34+0200: 18315. #Luvmiirite by DJ Class have been processed.
[INFO|get_track_data|L145] 2026-04-13T22:31:35+0200: 18316. Jungle Love by DJ Assault have been processed.
[INFO|get_track_data|L145] 2026-04-13T22:31:35+0200: 18317. Fuck the Feelings by 1 9 0 5 have been processed.
[INFO|get_track_data|L145] 2026-04-13T22:31:36+0200: 18318. WYWD..'!? by Pink Siifu have been processed.
[INFO|get_track_data|L145] 2026-04-13T22:31:37+0200: 18319. BIG PRISM [Feat. Ziggy Waters] by Hitech have been processed.
[INFO|get_track_data|L145] 2026-04-13T22:31:37+0200: 18320. SPANK! by Hitech have been processed.
[INFO|get_track_data|L145] 2026-04-13T22:31:38+0200: 18321. HYPER DAI by Daiela have been processed.
[INFO|get_track_data|L145] 2026-04-13T22:31:39+0200: 18322. NoNewNews!!! - Ben Hixon Remix by Liv.e have been processed.
[INFO|get_track_data|L145] 2026-04-13T22:31:39+0200: 18323. Renaissance Affair by Hooverphonic have been processed.
[INFO|get_track_data|L145] 2026-04-13T22:31:40+0200: 18324. Shadows of Ourselves by Thievery Corporation have been processed.
[INFO|get_track_data|L145] 2026-04-13T22:31:41+0200: 18325. To Catch a Thief by Lovage have been processed.
[INFO|get_track_data|L145] 2026-04-13T22:31:41+0200: 18326. Bullet Proof by Morcheeba have been processed.
[INFO|get_track_data|L145] 2026-04-13T22:31:42+0200: 18327. Celestial Annihilation by UNKLE have been processed.
[INFO|get_track_data|L145] 2026-04-13T22:31:43+0200: 18328. 2 Wicky by Hooverphonic have been processed.
[INFO|get_track_data|L145] 2026-04-13T22:31:43+0200: 18329. over u (Himera Remix) by ultra caro have been processed.
[INFO|get_track_data|L145] 2026-04-13T22:31:44+0200: 18330. Forte by Mount XLR have been processed.
[INFO|get_track_data|L145] 2026-04-13T22:31:44+0200: 18331. Felt That Way by Jasper Tygner have been processed.
[INFO|get_track_data|L145] 2026-04-13T22:31:45+0200: 18332. I Used to Dream by Aleksandır have been processed.
[INFO|get_track_data|L145] 2026-04-13T22:31:46+0200: 18333. how it was by froman have been processed.
[INFO|get_track_data|L145] 2026-04-13T22:31:46+0200: 18334. It's Perfectly Clear Right Now by Dj Counselling have been processed.
[INFO|get_track_data|L145] 2026-04-13T22:31:47+0200: 18335. Can't Keep Me From Your Love - Kronol Remix by Blimp have been processed.
[INFO|get_track_data|L145] 2026-04-13T22:31:47+0200: 18336. Sometimez by mr. sosa have been processed.
[INFO|get_track_data|L145] 2026-04-13T22:31:48+0200: 18337. Northern Skies by Magnetic Family have been processed.
[INFO|get_track_data|L145] 2026-04-13T22:31:49+0200: 18338. Arc by Pretty Girl have been processed.
[INFO|get_track_data|L145] 2026-04-13T22:31:50+0200: 18339. Safe In My Arms by Logic1000 have been processed.
[INFO|get_track_data|L145] 2026-04-13T22:31:50+0200: 18340. freeze by Bladee have been processed.
[INFO|get_track_data|L145] 2026-04-13T22:31:51+0200: 18341. UPGRADE ENABLED by Bladee have been processed.
[INFO|get_track_data|L145] 2026-04-13T22:31:52+0200: 18342. Idiot by Teen Suicide have been processed.
[INFO|get_track_data|L145] 2026-04-13T22:31:52+0200: 18343. L.U.C.K.Y by Fcukers have been processed.
[INFO|get_track_data|L145] 2026-04-13T22:31:53+0200: 18344. Arctic Cat by HC have been processed.
[INFO|get_track_data|L145] 2026-04-13T22:31:54+0200: 18345. The Call by Daniel Lopatin have been processed.
[INFO|get_track_data|L145] 2026-04-13T22:31:54+0200: 18346. Marty’s Dream by Daniel Lopatin have been processed.
[INFO|get_track_data|L145] 2026-04-13T22:31:55+0200: 18347. Endo’s Game by Daniel Lopatin have been processed.
[INFO|get_track_data|L145] 2026-04-13T22:31:55+0200: 18348. The Apple by Daniel Lopatin have been processed.
[INFO|get_track_data|L145] 2026-04-13T22:31:56+0200: 18349. Holocaust Honey by Daniel Lopatin have been processed.
[INFO|get_track_data|L145] 2026-04-13T22:31:57+0200: 18350. The Humbling by Daniel Lopatin have been processed.
[INFO|get_track_data|L145] 2026-04-13T22:31:57+0200: 18351. Motherstone by Daniel Lopatin have been processed.
[INFO|get_track_data|L145] 2026-04-13T22:31:58+0200: 18352. The Scape by Daniel Lopatin have been processed.
[INFO|get_track_data|L145] 2026-04-13T22:31:59+0200: 18353. Tub Falls by Daniel Lopatin have been processed.
[INFO|get_track_data|L145] 2026-04-13T22:31:59+0200: 18354. Fucking Mensch by Daniel Lopatin have been processed.
[INFO|get_track_data|L145] 2026-04-13T22:32:00+0200: 18355. Rockwell Ink by Daniel Lopatin have been processed.
[INFO|get_track_data|L145] 2026-04-13T22:32:01+0200: 18356. Hoff's by Daniel Lopatin have been processed.
[INFO|get_track_data|L145] 2026-04-13T22:32:02+0200: 18357. Seward Park by Daniel Lopatin have been processed.
[INFO|get_track_data|L145] 2026-04-13T22:32:03+0200: 18358. The Necklace by Daniel Lopatin have been processed.
[INFO|get_track_data|L145] 2026-04-13T22:32:03+0200: 18359. Vampire’s Castle by Daniel Lopatin have been processed.
[INFO|get_track_data|L145] 2026-04-13T22:32:04+0200: 18360. Back to Hoff's by Daniel Lopatin have been processed.
[INFO|get_track_data|L145] 2026-04-13T22:32:05+0200: 18361. Shootout by Daniel Lopatin have been processed.
[INFO|get_track_data|L145] 2026-04-13T22:32:06+0200: 18362. I Love You, Tokyo by Daniel Lopatin have been processed.
[INFO|get_track_data|L145] 2026-04-13T22:32:07+0200: 18363. The Real Game by Daniel Lopatin have been processed.
[INFO|get_track_data|L145] 2026-04-13T22:32:07+0200: 18364. Etched Headplate by Burial have been processed.
[INFO|get_track_data|L145] 2026-04-13T22:32:08+0200: 18365. Untrue by Burial have been processed.
[INFO|get_track_data|L145] 2026-04-13T22:32:09+0200: 18366. Shell of Light by Burial have been processed.
[INFO|get_track_data|L145] 2026-04-13T22:32:09+0200: 18367. Dog Shelter by Burial have been processed.
[INFO|get_track_data|L145] 2026-04-13T22:32:10+0200: 18368. Homeless by Burial have been processed.
[INFO|get_track_data|L145] 2026-04-13T22:32:11+0200: 18369. タイム・リミット by Casiopea have been processed.
[INFO|get_track_data|L145] 2026-04-13T22:32:11+0200: 18370. No Pills U by Clark have been processed.
[INFO|get_track_data|L145] 2026-04-13T22:32:12+0200: 18371. A Tune for Us by Djrum have been processed.
[INFO|get_track_data|L145] 2026-04-13T22:32:13+0200: 18372. What Is It That Breaks by Malibu have been processed.
[INFO|get_track_data|L145] 2026-04-13T22:32:13+0200: 18373. Nebia by Bby Eco have been processed.
[INFO|get_track_data|L145] 2026-04-13T22:32:14+0200: 18374. Silver Plated by yawning portal have been processed.
[INFO|get_track_data|L145] 2026-04-13T22:32:14+0200: 18375. A Title Comes by Tortoise have been processed.
[INFO|get_track_data|L145] 2026-04-13T22:32:15+0200: 18376. 18EDO Bailiff by Clark have been processed.
[INFO|get_track_data|L145] 2026-04-13T22:32:16+0200: 18377. My City by yawning portal have been processed.
[INFO|get_track_data|L145] 2026-04-13T22:32:17+0200: 18378. Promenade à deux by Tortoise have been processed.
[INFO|get_track_data|L145] 2026-04-13T22:32:18+0200: 18379. Creek by Hiroshi Yoshimura have been processed.
[INFO|get_track_data|L145] 2026-04-13T22:32:18+0200: 18380. Concord by yawning portal have been processed.
[INFO|get_track_data|L145] 2026-04-13T22:32:19+0200: 18381. Rock Bottom by King Krule have been processed.
[INFO|get_track_data|L145] 2026-04-13T22:32:19+0200: 18382. Octopus by King Krule have been processed.
[INFO|get_track_data|L145] 2026-04-13T22:32:20+0200: 18383. Falling Down A Well by Jack J have been processed.
[INFO|get_track_data|L145] 2026-04-13T22:32:21+0200: 18384. Mission Impossible III by Headache have been processed.
[INFO|get_track_data|L145] 2026-04-13T22:32:22+0200: 18385. Traffic by Stan Christ have been processed.
[INFO|get_track_data|L145] 2026-04-13T22:32:22+0200: 18386. SLOOPWERK by Dikke Baap have been processed.
[INFO|get_track_data|L145] 2026-04-13T22:32:23+0200: 18387. born again by meat computer have been processed.
[INFO|get_track_data|L145] 2026-04-13T22:32:24+0200: 18388. Business Opportunities by Headache have been processed.
[INFO|get_track_data|L145] 2026-04-13T22:32:24+0200: 18389. Bucket Listener by Headache have been processed.
[INFO|get_track_data|L145] 2026-04-13T22:32:25+0200: 18390. The Party that Never Ends by Headache have been processed.
[INFO|get_track_data|L145] 2026-04-13T22:32:25+0200: 18391. Percocet Perry by Shamana have been processed.
[INFO|get_track_data|L145] 2026-04-13T22:32:26+0200: 18392. Wholesale Anthem by Headache have been processed.
[INFO|get_track_data|L145] 2026-04-13T22:32:27+0200: 18393. I Appreciate You by Headache have been processed.
[INFO|get_track_data|L145] 2026-04-13T22:32:27+0200: 18394. Dodge This! by Headache have been processed.
[INFO|get_track_data|L145] 2026-04-13T22:32:28+0200: 18395. The Joy is Ours by Headache have been processed.
[INFO|get_track_data|L145] 2026-04-13T22:32:29+0200: 18396. Trophy Life by Headache have been processed.
[INFO|get_track_data|L145] 2026-04-13T22:32:29+0200: 18397. It Opens if You Turn the Handle by Headache have been processed.
[INFO|get_track_data|L145] 2026-04-13T22:32:30+0200: 18398. His Story by Headache have been processed.
[INFO|get_track_data|L145] 2026-04-13T22:32:31+0200: 18399. Most Undo Tomorrow by Headache have been processed.
[INFO|get_track_data|L145] 2026-04-13T22:32:31+0200: 18400. Seen It by Gabber Eleganza have been processed.
[INFO|get_track_data|L145] 2026-04-13T22:32:32+0200: 18401. Excuse Me by SLVL have been processed.
[INFO|get_track_data|L145] 2026-04-13T22:32:32+0200: 18402. CRANK UP by Dikke Baap have been processed.
[INFO|get_track_data|L145] 2026-04-13T22:32:33+0200: 18403. Mike & Melissa by mouseatouille have been processed.
[INFO|get_track_data|L145] 2026-04-13T22:32:33+0200: 18404. My DJ Set by mouseatouille have been processed.
[INFO|get_track_data|L145] 2026-04-13T22:32:34+0200: 18405. Sexistential - Arca’s Take by Robyn have been processed.
[INFO|get_track_data|L145] 2026-04-13T22:32:35+0200: 18406. Summer Of Love by Torus have been processed.
[INFO|get_track_data|L145] 2026-04-13T22:32:35+0200: 18407. Nothingburger by Car Culture have been processed.
[INFO|get_track_data|L145] 2026-04-13T22:32:36+0200: 18408. Wrong Again by Jack J have been processed.
[INFO|get_track_data|L145] 2026-04-13T22:32:36+0200: 18409. Lilac Twilight by Nabihah Iqbal have been processed.
[INFO|get_track_data|L145] 2026-04-13T22:32:37+0200: 18410. Pass by Officer John have been processed.
[INFO|get_track_data|L145] 2026-04-13T22:32:38+0200: 18411. Born Without A Smile by Jack J have been processed.
[INFO|get_track_data|L145] 2026-04-13T22:32:38+0200: 18412. Da Da da by Jespfur have been processed.
[INFO|get_track_data|L145] 2026-04-13T22:32:39+0200: 18413. Bounds by Sekko have been processed.
[INFO|get_track_data|L145] 2026-04-13T22:32:40+0200: 18414. Foolish Man by Jack J have been processed.
[INFO|get_track_data|L145] 2026-04-13T22:32:41+0200: 18415. Piranha by oxis have been processed.
[INFO|get_track_data|L145] 2026-04-13T22:32:41+0200: 18416. New Skin / Old Body by Leon Vynehall have been processed.
[INFO|get_track_data|L145] 2026-04-13T22:32:42+0200: 18417. Swirling Like A Rocket by Torus have been processed.
[INFO|get_track_data|L145] 2026-04-13T22:32:43+0200: 18418. Sol by Bby Eco have been processed.
[INFO|get_track_data|L145] 2026-04-13T22:32:44+0200: 18419. Rest Here by Car Culture have been processed.
[INFO|get_track_data|L145] 2026-04-13T22:32:44+0200: 18420. You Look Certain (I’m Not So Sure) by Mount Kimbie have been processed.
[INFO|get_track_data|L145] 2026-04-13T22:32:45+0200: 18421. Enter The Sun by Torus have been processed.
[INFO|get_track_data|L145] 2026-04-13T22:32:45+0200: 18422. I'm Always Dreaming, Drama Queen by Pretty V have been processed.
[INFO|get_track_data|L145] 2026-04-13T22:32:46+0200: 18423. 52 by Pretty V have been processed.
[INFO|get_track_data|L145] 2026-04-13T22:32:47+0200: 18424. Miss Understood by Headache have been processed.
[INFO|get_track_data|L145] 2026-04-13T22:32:48+0200: 18425. ANTHEM by HDmirror have been processed.
[INFO|get_track_data|L145] 2026-04-13T22:32:48+0200: 18426. Viol by Gesaffelstein have been processed.
[INFO|get_track_data|L145] 2026-04-13T22:32:49+0200: 18427. Enter The Gamma - live by Gesaffelstein have been processed.
[INFO|get_track_data|L145] 2026-04-13T22:32:49+0200: 18428. The Urge x Blast off - live by Gesaffelstein have been processed.
[INFO|get_track_data|L145] 2026-04-13T22:32:50+0200: 18429. Euro Dan by HC have been processed.
[INFO|get_track_data|L145] 2026-04-13T22:32:51+0200: 18430. strapped by Jespfur have been processed.
[INFO|get_track_data|L145] 2026-04-13T22:32:51+0200: 18431. Prøvær by HC have been processed.
[INFO|get_track_data|L145] 2026-04-13T22:32:52+0200: 18432. Sexistential by Robyn have been processed.
[INFO|get_track_data|L145] 2026-04-13T22:32:52+0200: 18433. I Want What I Want by John Beltran have been processed.
[INFO|get_track_data|L145] 2026-04-13T22:32:53+0200: 18434. I'll Take It - Mura Masa's 'Can't Feel A Thing' Edit by Sophia Stel have been processed.
[INFO|get_track_data|L145] 2026-04-13T22:32:54+0200: 18435. LOVE YOU LESS by Joji have been processed.
[INFO|get_track_data|L145] 2026-04-13T22:32:54+0200: 18436. Love Me Better by Joji have been processed.
[INFO|get_track_data|L145] 2026-04-13T22:32:55+0200: 18437. Piece of You (with Giveon) by Joji have been processed.
[INFO|get_track_data|L145] 2026-04-13T22:32:55+0200: 18438. Hotel California by Joji have been processed.
[INFO|get_track_data|L145] 2026-04-13T22:32:56+0200: 18439. Tarmac by Joji have been processed.
[INFO|get_track_data|L145] 2026-04-13T22:32:57+0200: 18440. Forehead Touch the Ground by Joji have been processed.
[INFO|get_track_data|L145] 2026-04-13T22:32:58+0200: 18441. Past Won't Leave My Bed by Joji have been processed.
[INFO|get_track_data|L145] 2026-04-13T22:32:59+0200: 18442. Fade to Black (with 4batz) by Joji have been processed.
[INFO|get_track_data|L145] 2026-04-13T22:32:59+0200: 18443. CAN'T SEE SH*T IN THE CLUB by Joji have been processed.
[INFO|get_track_data|L145] 2026-04-13T22:33:00+0200: 18444. Sojourn by Joji have been processed.
[INFO|get_track_data|L145] 2026-04-13T22:33:01+0200: 18445. DYKILY by Joji have been processed.
[INFO|get_track_data|L145] 2026-04-13T22:33:01+0200: 18446. Rose Colored (with Yeat) by Joji have been processed.
[INFO|get_track_data|L145] 2026-04-13T22:33:02+0200: 18447. Silhouette Man by Joji have been processed.
[INFO|get_track_data|L145] 2026-04-13T22:33:02+0200: 18448. Fragments (with Don Toliver) by Joji have been processed.
[INFO|get_track_data|L145] 2026-04-13T22:33:03+0200: 18449. Horses to Water by Joji have been processed.
[INFO|get_track_data|L145] 2026-04-13T22:33:04+0200: 18450. Strange Home by Joji have been processed.
[INFO|get_track_data|L145] 2026-04-13T22:33:04+0200: 18451. Make You Whole (Freshly Squeezed Mix) by Andronicus have been processed.
[INFO|get_track_data|L145] 2026-04-13T22:33:05+0200: 18452. Demoner (feat. LOAM, Eurohead & Varg²™) (Nick León Remix) by DJ Billybool have been processed.
[INFO|get_track_data|L145] 2026-04-13T22:33:06+0200: 18453. The New Sound by Geordie Greep have been processed.
[INFO|get_track_data|L145] 2026-04-13T22:33:06+0200: 18454. Bongo Season by Geordie Greep have been processed.
[INFO|get_track_data|L145] 2026-04-13T22:33:07+0200: 18455. As If Waltz by Geordie Greep have been processed.
[INFO|get_track_data|L145] 2026-04-13T22:33:08+0200: 18456. The Magician by Geordie Greep have been processed.
[INFO|get_track_data|L145] 2026-04-13T22:33:08+0200: 18457. If You Are But a Dream by Geordie Greep have been processed.
[INFO|get_track_data|L145] 2026-04-13T22:33:09+0200: 18458. Sugar/Tzu by black midi have been processed.
[INFO|get_track_data|L145] 2026-04-13T22:33:10+0200: 18459. Wandering Eyes by Magdalena Bay have been processed.
[INFO|get_track_data|L145] 2026-04-13T22:33:12+0200: 18460. loner by Night Tapes have been processed.
[INFO|get_track_data|L145] 2026-04-13T22:33:13+0200: 18461. Always The Same by Tennis have been processed.
[INFO|get_track_data|L145] 2026-04-13T22:33:13+0200: 18462. 300 dreams by After have been processed.
[INFO|get_track_data|L145] 2026-04-13T22:33:17+0200: 18463. A Lot's Gonna Change by Weyes Blood have been processed.
[INFO|get_track_data|L145] 2026-04-13T22:33:18+0200: 18464. nil by Jespfur have been processed.
[INFO|get_track_data|L145] 2026-04-13T22:33:21+0200: 18465. Prado by Aleksandır have been processed.
[INFO|get_track_data|L145] 2026-04-13T22:33:22+0200: 18466. Calvert by Aleksandır have been processed.
[INFO|get_track_data|L145] 2026-04-13T22:33:22+0200: 18467. Technicolour by Aleksandır have been processed.
[INFO|get_track_data|L145] 2026-04-13T22:33:23+0200: 18468. Dotty's Theme by Aleksandır have been processed.
[INFO|get_track_data|L145] 2026-04-13T22:33:24+0200: 18469. Overgrown by Aleksandır have been processed.
[INFO|get_track_data|L145] 2026-04-13T22:33:25+0200: 18470. Skin & Mind by Aleksandır have been processed.
[INFO|get_track_data|L145] 2026-04-13T22:33:26+0200: 18471. between summers by Aleksandır have been processed.
[INFO|get_track_data|L145] 2026-04-13T22:33:26+0200: 18472. Hedonic Treadmill by Barker have been processed.
[INFO|get_track_data|L145] 2026-04-13T22:33:27+0200: 18473. Waiting In Arisaig by Lord of the Isles have been processed.
[INFO|get_track_data|L145] 2026-04-13T22:33:28+0200: 18474. Showreel, Pt. 1 by Djrum have been processed.
[INFO|get_track_data|L145] 2026-04-13T22:33:28+0200: 18475. Ode by Magnetic Family have been processed.
[INFO|get_track_data|L145] 2026-04-13T22:33:29+0200: 18476. When Prophecy Fails by Barker have been processed.
[INFO|get_track_data|L145] 2026-04-13T22:33:30+0200: 18477. Idle Away - Aleksandir Remix by Tropics have been processed.
[INFO|get_track_data|L145] 2026-04-13T22:33:30+0200: 18478. Ecce! Ego! by Leon Vynehall have been processed.
[INFO|get_track_data|L145] 2026-04-13T22:33:31+0200: 18479. Have The Guts by Youandewan have been processed.
[INFO|get_track_data|L145] 2026-04-13T22:33:31+0200: 18480. Watermark by Djrum have been processed.
[INFO|get_track_data|L145] 2026-04-13T22:33:32+0200: 18481. Utility by Barker have been processed.
[INFO|get_track_data|L145] 2026-04-13T22:33:33+0200: 18482. In A Dream by Marc Brauner have been processed.
[INFO|get_track_data|L145] 2026-04-13T22:33:33+0200: 18483. Alichea Vella Amor by Leon Vynehall have been processed.
[INFO|get_track_data|L145] 2026-04-13T22:33:34+0200: 18484. Waiting For L by Youandewan have been processed.
[INFO|get_track_data|L145] 2026-04-13T22:33:35+0200: 18485. By My Side by Jeigo have been processed.
[INFO|get_track_data|L145] 2026-04-13T22:33:35+0200: 18486. Serpent Chamber by KAVARI have been processed.
[INFO|get_track_data|L145] 2026-04-13T22:33:36+0200: 18487. Make It Forever by George Clanton have been processed.
[INFO|get_track_data|L145] 2026-04-13T22:33:37+0200: 18488. Run Into Flowers by M83 have been processed.
[INFO|get_track_data|L145] 2026-04-13T22:33:37+0200: 18489. Cranekiss by Tamaryn have been processed.
[INFO|get_track_data|L145] 2026-04-13T22:33:38+0200: 18490. Wood Cabin by Saint Etienne have been processed.
[INFO|get_track_data|L145] 2026-04-13T22:33:39+0200: 18491. New ADHD by 33 have been processed.
[INFO|get_track_data|L145] 2026-04-13T22:33:39+0200: 18492. All Is Full of Love by Björk have been processed.
[INFO|get_track_data|L145] 2026-04-13T22:33:40+0200: 18493. Kiss Me Again by Vieze Asbak have been processed.
[INFO|get_track_data|L145] 2026-04-13T22:33:40+0200: 18494. Fluke by oxis have been processed.
[INFO|get_track_data|L145] 2026-04-13T22:33:41+0200: 18495. Sigaretten Dans by Vieze Asbak have been processed.
[INFO|get_track_data|L145] 2026-04-13T22:33:41+0200: 18496. I'd Rather Be Yours Than Mine by Sophia Stel have been processed.
[INFO|get_track_data|L145] 2026-04-13T22:33:42+0200: 18497. All My Friends Are Models by Sophia Stel have been processed.
[INFO|get_track_data|L145] 2026-04-13T22:33:43+0200: 18498. Solitaire by Sophia Stel have been processed.
[INFO|get_track_data|L145] 2026-04-13T22:33:43+0200: 18499. All My Friends Are Models - ft. Tommy Genesis by Sophia Stel have been processed.
[INFO|get_track_data|L145] 2026-04-13T22:33:44+0200: 18500. Everyone Falls Alseep in Their Own Time (Cecile Believe's Version) by Sophia Stel have been processed.
[INFO|get_track_data|L148] 2026-04-13T22:33:44+0200: 18500 tracks processed.
[INFO|get_track_data|L145] 2026-04-13T22:33:49+0200: 18501. Sisters by Frost Children have been processed.
[INFO|get_track_data|L145] 2026-04-13T22:33:50+0200: 18502. Vieze Baap by Vieze Asbak have been processed.
[INFO|get_track_data|L145] 2026-04-13T22:33:50+0200: 18503. Hippie - Rework by Vieze Asbak have been processed.
[INFO|get_track_data|L145] 2026-04-13T22:33:51+0200: 18504. Magic Misery by Bladee have been processed.
[INFO|get_track_data|L145] 2026-04-13T22:33:52+0200: 18505. Soulseek by 1tbsp have been processed.
[INFO|get_track_data|L145] 2026-04-13T22:33:52+0200: 18506. Vind by CTM have been processed.
[INFO|get_track_data|L145] 2026-04-13T22:33:53+0200: 18507. Hold you by CTM have been processed.
[INFO|get_track_data|L145] 2026-04-13T22:33:53+0200: 18508. Dante by CTM have been processed.
[INFO|get_track_data|L145] 2026-04-13T22:33:54+0200: 18509. Why Me by Joanne Robertson have been processed.
[INFO|get_track_data|L145] 2026-04-13T22:33:55+0200: 18510. Friendly by Joanne Robertson have been processed.
[INFO|get_track_data|L145] 2026-04-13T22:33:55+0200: 18511. Not Today by Kim Gordon have been processed.
[INFO|get_track_data|L145] 2026-04-13T22:33:56+0200: 18512. BYEBYE25! by Kim Gordon have been processed.
[INFO|get_track_data|L145] 2026-04-13T22:33:57+0200: 18513. Inni meg brenner by Hester V75 have been processed.
[INFO|get_track_data|L145] 2026-04-13T22:33:57+0200: 18514. ALWAYS TOO LATE by HDmirror have been processed.
[INFO|get_track_data|L145] 2026-04-13T22:33:58+0200: 18515. Like This by USH have been processed.
[INFO|get_track_data|L145] 2026-04-13T22:33:59+0200: 18516. SCREECHCORE by SLVL have been processed.
[INFO|get_track_data|L145] 2026-04-13T22:33:59+0200: 18517. It's You - underscores' "It’s U" Remix by Ninajirachi have been processed.
[INFO|get_track_data|L145] 2026-04-13T22:34:00+0200: 18518. atom heart by u.r.trax have been processed.
[INFO|get_track_data|L145] 2026-04-13T22:34:00+0200: 18519. Piano Sonata No. 9, Op. 68 "Black Mass" by Alexander Scriabin have been processed.
[INFO|get_track_data|L145] 2026-04-13T22:34:01+0200: 18520. Lux Aeterna by György Ligeti have been processed.
[INFO|get_track_data|L145] 2026-04-13T22:34:02+0200: 18521. Fantaisie Espagnole, KSS 19 by Kaikhosru Sorabji have been processed.
[INFO|get_track_data|L145] 2026-04-13T22:34:02+0200: 18522. Threnody To the Victims of Hiroshima by Krzysztof Penderecki have been processed.
[INFO|get_track_data|L145] 2026-04-13T22:34:03+0200: 18523. Polymorphia by Krzysztof Penderecki have been processed.
[INFO|get_track_data|L145] 2026-04-13T22:34:04+0200: 18524. Cheap Poetry by Kiss Facility have been processed.
[INFO|get_track_data|L145] 2026-04-13T22:34:04+0200: 18525. Piano Sonata No. 1 - Mässig bewegt - Stereo Version by Alban Berg have been processed.
[INFO|get_track_data|L145] 2026-04-13T22:34:05+0200: 18526. hurt and alone by meat computer have been processed.
[INFO|get_track_data|L145] 2026-04-13T22:34:06+0200: 18527. Violin Concerto "To the Memory of An Angel": I. Andante – Allegretto by Alban Berg have been processed.
[INFO|get_track_data|L145] 2026-04-13T22:34:06+0200: 18528. Violin Concerto "To the Memory of An Angel": II. Allegro – Adagio by Alban Berg have been processed.
[INFO|get_track_data|L145] 2026-04-13T22:34:07+0200: 18529. Drei Klavierstücke, Op. 11: I. Mässig - 2015 Remastered Version by Arnold Schoenberg have been processed.
[INFO|get_track_data|L145] 2026-04-13T22:34:07+0200: 18530. Preludes in Quarter-Tone System: I by Ivan Wyschnegradsky have been processed.
[INFO|get_track_data|L145] 2026-04-13T22:34:08+0200: 18531. Preludes in Quarter-Tone System: IV by Ivan Wyschnegradsky have been processed.
[INFO|get_track_data|L145] 2026-04-13T22:34:08+0200: 18532. Preludes in Quarter-Tone System: V by Ivan Wyschnegradsky have been processed.
[INFO|get_track_data|L145] 2026-04-13T22:34:09+0200: 18533. Preludes in Quarter-Tone System: VIII by Ivan Wyschnegradsky have been processed.
[INFO|get_track_data|L145] 2026-04-13T22:34:10+0200: 18534. Preludes in Quarter-Tone System: IX by Ivan Wyschnegradsky have been processed.
[INFO|get_track_data|L145] 2026-04-13T22:34:10+0200: 18535. Preludes in Quarter-Tone System: XIV by Ivan Wyschnegradsky have been processed.
[INFO|get_track_data|L145] 2026-04-13T22:34:12+0200: 18536. Preludes in Quarter-Tone System: XVII by Ivan Wyschnegradsky have been processed.
[INFO|get_track_data|L145] 2026-04-13T22:34:12+0200: 18537. Preludes in Quarter-Tone System: XVIII by Ivan Wyschnegradsky have been processed.
[INFO|get_track_data|L145] 2026-04-13T22:34:13+0200: 18538. Preludes in Quarter-Tone System: XX by Ivan Wyschnegradsky have been processed.
[INFO|get_track_data|L145] 2026-04-13T22:34:13+0200: 18539. Preludes in Quarter-Tone System: XXI by Ivan Wyschnegradsky have been processed.
[INFO|get_track_data|L145] 2026-04-13T22:34:14+0200: 18540. Preludes in Quarter-Tone System: XXIII by Ivan Wyschnegradsky have been processed.
[INFO|get_track_data|L145] 2026-04-13T22:34:15+0200: 18541. Andante con noto by Krzysztof Penderecki have been processed.
[INFO|get_track_data|L145] 2026-04-13T22:34:15+0200: 18542. Allegro con brio by Krzysztof Penderecki have been processed.
[INFO|get_track_data|L145] 2026-04-13T22:34:16+0200: 18543. Mercurial World by Magdalena Bay have been processed.
[INFO|get_track_data|L145] 2026-04-13T22:34:17+0200: 18544. Dawning Of The Season by Magdalena Bay have been processed.
[INFO|get_track_data|L145] 2026-04-13T22:34:17+0200: 18545. Secrets (Your Fire) by Magdalena Bay have been processed.
[INFO|get_track_data|L145] 2026-04-13T22:34:18+0200: 18546. Secrets 2-9: Medley by Magdalena Bay have been processed.
[INFO|get_track_data|L145] 2026-04-13T22:34:18+0200: 18547. You Lose! by Magdalena Bay have been processed.
[INFO|get_track_data|L145] 2026-04-13T22:34:19+0200: 18548. You Lose! (8-Bit) by Magdalena Bay have been processed.
[INFO|get_track_data|L145] 2026-04-13T22:34:19+0200: 18549. Something For 2 - Cecile Believe Remix by Magdalena Bay have been processed.
[INFO|get_track_data|L145] 2026-04-13T22:34:20+0200: 18550. Hysterical Us by Magdalena Bay have been processed.
[INFO|get_track_data|L145] 2026-04-13T22:34:21+0200: 18551. All You Do by Magdalena Bay have been processed.
[INFO|get_track_data|L145] 2026-04-13T22:34:21+0200: 18552. Prophecy - Synth & Strings by Magdalena Bay have been processed.
[INFO|get_track_data|L145] 2026-04-13T22:34:22+0200: 18553. Follow the Leader by Magdalena Bay have been processed.
[INFO|get_track_data|L145] 2026-04-13T22:34:23+0200: 18554. Offing by Pretty V have been processed.
[INFO|get_track_data|L145] 2026-04-13T22:34:23+0200: 18555. Nice Day by Magdalena Bay have been processed.
[INFO|get_track_data|L145] 2026-04-13T22:34:24+0200: 18556. This Is The World (I Made It For You) by Magdalena Bay have been processed.
[INFO|get_track_data|L145] 2026-04-13T22:34:25+0200: 18557. Tonguetwister by Magdalena Bay have been processed.
[INFO|get_track_data|L145] 2026-04-13T22:34:25+0200: 18558. Paint Me A Picture by Magdalena Bay have been processed.
[INFO|get_track_data|L145] 2026-04-13T22:34:26+0200: 18559. Bitter Sweet Symphony - Remastered 2016 by The Verve have been processed.
[INFO|get_track_data|L145] 2026-04-13T22:34:26+0200: 18560. Nothing Baby by Magdalena Bay have been processed.
[INFO|get_track_data|L145] 2026-04-13T22:34:27+0200: 18561. Ligeti: Hamburg Concerto: I. Praeludium by György Ligeti have been processed.
[INFO|get_track_data|L145] 2026-04-13T22:34:28+0200: 18562. Ligeti: Hamburg Concerto: II. Signale, Tanz, Choral by György Ligeti have been processed.
[INFO|get_track_data|L145] 2026-04-13T22:34:29+0200: 18563. Ligeti: Hamburg Concerto: III. Aria, Aksak, Hoketus by György Ligeti have been processed.
[INFO|get_track_data|L145] 2026-04-13T22:34:29+0200: 18564. Ligeti: Hamburg Concerto: IV. Solo, Intermezzo, Mixtur, Kanon by György Ligeti have been processed.
[INFO|get_track_data|L145] 2026-04-13T22:34:30+0200: 18565. Lola (2020 Stereo Remaster) by The Kinks have been processed.
[INFO|get_track_data|L145] 2026-04-13T22:34:30+0200: 18566. 99 Problems by JAŸ-Z have been processed.
[INFO|get_track_data|L145] 2026-04-13T22:34:31+0200: 18567. Tom Sawyer by Rush have been processed.
[INFO|get_track_data|L145] 2026-04-13T22:34:31+0200: 18568. Under my bed by Operelly have been processed.
[INFO|get_track_data|L145] 2026-04-13T22:34:32+0200: 18569. M16 by Ginseng have been processed.
[INFO|get_track_data|L145] 2026-04-13T22:34:33+0200: 18570. Butterfly Knives by Ydegirl have been processed.
[INFO|get_track_data|L145] 2026-04-13T22:34:34+0200: 18571. Two Months Off by Underworld have been processed.
[INFO|get_track_data|L145] 2026-04-13T22:34:34+0200: 18572. Guilt Is My Boyfriend by Giles Corey have been processed.
[INFO|get_track_data|L145] 2026-04-13T22:34:35+0200: 18573. Kiss Another Day Goodbye by David Kauffman have been processed.
[INFO|get_track_data|L145] 2026-04-13T22:34:36+0200: 18574. Born Slippy .NUXX by Underworld have been processed.
[INFO|get_track_data|L145] 2026-04-13T22:34:36+0200: 18575. Snake Eater by Cynthia Harrell have been processed.
[INFO|get_track_data|L145] 2026-04-13T22:34:37+0200: 18576. no reality deep end by archive computer have been processed.
[INFO|get_track_data|L145] 2026-04-13T22:34:38+0200: 18577. star 2 by Jam City have been processed.
[INFO|get_track_data|L145] 2026-04-13T22:34:38+0200: 18578. Right On! - 12” Disco Edit by Silicone Soul have been processed.
[INFO|get_track_data|L145] 2026-04-13T22:34:39+0200: 18579. Wicked Game - Live from Showbox Sodo, Seattle by The Last Dinner Party have been processed.
[INFO|get_track_data|L145] 2026-04-13T22:34:39+0200: 18580. Tití Me Preguntó by Bad Bunny have been processed.
[INFO|get_track_data|L145] 2026-04-13T22:34:40+0200: 18581. EoO by Bad Bunny have been processed.
[INFO|get_track_data|L145] 2026-04-13T22:34:41+0200: 18582. NUEVAYoL by Bad Bunny have been processed.
[INFO|get_track_data|L145] 2026-04-13T22:34:41+0200: 18583. Popular by Eric Saade have been processed.
[INFO|get_track_data|L145] 2026-04-13T22:34:42+0200: 18584. See You Again by Miley Cyrus have been processed.
[INFO|get_track_data|L145] 2026-04-13T22:34:43+0200: 18585. Can't Fight the Moonlight by LeAnn Rimes have been processed.
[INFO|get_track_data|L145] 2026-04-13T22:34:43+0200: 18586. Everytime We Touch - Radio Edit by Cascada have been processed.
[INFO|get_track_data|L145] 2026-04-13T22:34:44+0200: 18587. La Source by 1995 have been processed.
[INFO|get_track_data|L145] 2026-04-13T22:34:45+0200: 18588. Evacuate the Dancefloor by Cascada have been processed.
[INFO|get_track_data|L145] 2026-04-13T22:34:46+0200: 18589. take me away by The Aquadolls have been processed.
[INFO|get_track_data|L145] 2026-04-13T22:34:46+0200: 18590. Bad Boy by Cascada have been processed.
[INFO|get_track_data|L145] 2026-04-13T22:34:47+0200: 18591. Be My World by Milky have been processed.
[INFO|get_track_data|L145] 2026-04-13T22:34:48+0200: 18592. Hit by The Sugarcubes have been processed.
[INFO|get_track_data|L145] 2026-04-13T22:34:48+0200: 18593. Au pair by Karpe have been processed.
[INFO|get_track_data|L145] 2026-04-13T22:34:49+0200: 18594. Lett å være rebell i kjellerleiligheten din by Karpe have been processed.
[INFO|get_track_data|L145] 2026-04-13T22:34:49+0200: 18595. Hus/hotell/slott brenner by Karpe have been processed.
[INFO|get_track_data|L145] 2026-04-13T22:34:50+0200: 18596. Just Like Heaven - Remastered 2006 by The Cure have been processed.
[INFO|get_track_data|L145] 2026-04-13T22:34:51+0200: 18597. Born Slippy (nuxx) - Radio Edit by Underworld have been processed.
[INFO|get_track_data|L145] 2026-04-13T22:34:51+0200: 18598. Smooth Operator - Single Version by Sade have been processed.
[INFO|get_track_data|L145] 2026-04-13T22:34:52+0200: 18599. Attitudeproblem by Karpe have been processed.
[INFO|get_track_data|L145] 2026-04-13T22:34:52+0200: 18600. lonely tonight by archive computer have been processed.
[INFO|get_track_data|L145] 2026-04-13T22:34:53+0200: 18601. Code Of The Streets by Gang Starr have been processed.
[INFO|get_track_data|L145] 2026-04-13T22:34:53+0200: 18602. hardly ever smile(without you) by POiSON GiRLFRiEND have been processed.
[INFO|get_track_data|L145] 2026-04-13T22:34:54+0200: 18603. Bernard's Song by Outputmessage have been processed.
[INFO|get_track_data|L145] 2026-04-13T22:34:55+0200: 18604. Sommeil by Outputmessage have been processed.
[INFO|get_track_data|L145] 2026-04-13T22:34:55+0200: 18605. Darién Gap by LT have been processed.
[INFO|get_track_data|L145] 2026-04-13T22:34:56+0200: 18606. Goodnight Morton by Radioactive Man have been processed.
[INFO|get_track_data|L145] 2026-04-13T22:34:57+0200: 18607. The Inverted Man (Dreaming) by The Detroit Escalator Co. have been processed.
[INFO|get_track_data|L145] 2026-04-13T22:34:57+0200: 18608. Utopioid by Fantastic Man have been processed.
[INFO|get_track_data|L145] 2026-04-13T22:34:58+0200: 18609. Hemisphere Pt. 2 by Orson Wells have been processed.
[INFO|get_track_data|L145] 2026-04-13T22:34:58+0200: 18610. fuck the world by archive computer have been processed.
[INFO|get_track_data|L145] 2026-04-13T22:34:59+0200: 18611. ending harmony by archive computer have been processed.
[INFO|get_track_data|L145] 2026-04-13T22:34:59+0200: 18612. how it feels to get run over by archive computer have been processed.
[INFO|get_track_data|L145] 2026-04-13T22:35:00+0200: 18613. void grasping by archive computer have been processed.
[INFO|get_track_data|L145] 2026-04-13T22:35:01+0200: 18614. dark arts rotting song by archive computer have been processed.
[INFO|get_track_data|L145] 2026-04-13T22:35:01+0200: 18615. off the perc by archive computer have been processed.
[INFO|get_track_data|L145] 2026-04-13T22:35:02+0200: 18616. weird inner conversations by archive computer have been processed.
[INFO|get_track_data|L145] 2026-04-13T22:35:02+0200: 18617. 30 min older by archive computer have been processed.
[INFO|get_track_data|L145] 2026-04-13T22:35:03+0200: 18618. falling apart by archive computer have been processed.
[INFO|get_track_data|L145] 2026-04-13T22:35:04+0200: 18619. from the heart by archive computer have been processed.
[INFO|get_track_data|L145] 2026-04-13T22:35:04+0200: 18620. falling 4 u by archive computer have been processed.
[INFO|get_track_data|L145] 2026-04-13T22:35:05+0200: 18621. she knows by archive computer have been processed.
[INFO|get_track_data|L145] 2026-04-13T22:35:06+0200: 18622. days slipping by by archive computer have been processed.
[INFO|get_track_data|L145] 2026-04-13T22:35:06+0200: 18623. summer2012 by archive computer have been processed.
[INFO|get_track_data|L145] 2026-04-13T22:35:07+0200: 18624. im so lonely by archive computer have been processed.
[INFO|get_track_data|L145] 2026-04-13T22:35:07+0200: 18625. unit fx-1000 by archive computer have been processed.
[INFO|get_track_data|L145] 2026-04-13T22:35:08+0200: 18626. dead end by archive computer have been processed.
[INFO|get_track_data|L145] 2026-04-13T22:35:09+0200: 18627. My Trembling Spirit by ayegy have been processed.
[INFO|get_track_data|L145] 2026-04-13T22:35:09+0200: 18628. Stacy by bbpue have been processed.
[INFO|get_track_data|L145] 2026-04-13T22:35:10+0200: 18629. Ain't This Fun by Dad Dad have been processed.
[INFO|get_track_data|L145] 2026-04-13T22:35:11+0200: 18630. freedom from the world by archive computer have been processed.
[INFO|get_track_data|L145] 2026-04-13T22:35:11+0200: 18631. No Hate Is A Cold Star by 7038634357 have been processed.
[INFO|get_track_data|L145] 2026-04-13T22:35:12+0200: 18632. Stone Bridge by ML Buch have been processed.
[INFO|get_track_data|L145] 2026-04-13T22:35:13+0200: 18633. Sap by ML Buch have been processed.
[INFO|get_track_data|L145] 2026-04-13T22:35:13+0200: 18634. I Feel Like Giving You Things by ML Buch have been processed.
[INFO|get_track_data|L145] 2026-04-13T22:35:14+0200: 18635. Boarding by ML Buch have been processed.
[INFO|get_track_data|L145] 2026-04-13T22:35:15+0200: 18636. Mw by ML Buch have been processed.
[INFO|get_track_data|L145] 2026-04-13T22:35:16+0200: 18637. 21 insecurities by 500 have been processed.
[INFO|get_track_data|L145] 2026-04-13T22:35:16+0200: 18638. Shoot From The Heart by Judie Tzuke have been processed.
[INFO|get_track_data|L145] 2026-04-13T22:35:17+0200: 18639. Severe Weather by A Good Year have been processed.
[INFO|get_track_data|L145] 2026-04-13T22:35:17+0200: 18640. When I Choose To Be Here With You by Tracey have been processed.
[INFO|get_track_data|L145] 2026-04-13T22:35:18+0200: 18641. smiling in slow motion by Mike Midnight have been processed.
[INFO|get_track_data|L145] 2026-04-13T22:35:19+0200: 18642. Blue Car by Joanne Robertson have been processed.
[INFO|get_track_data|L145] 2026-04-13T22:35:19+0200: 18643. Sweet Dreams (Are Made of This) - 2005 Remaster by Eurythmics have been processed.
[INFO|get_track_data|L145] 2026-04-13T22:35:20+0200: 18644. i'm already dead by meat computer have been processed.
[INFO|get_track_data|L145] 2026-04-13T22:35:20+0200: 18645. Heaven Can Wait - 2006 Remaster by Judie Tzuke have been processed.
[INFO|get_track_data|L145] 2026-04-13T22:35:21+0200: 18646. Jeannie No by Judie Tzuke have been processed.
[INFO|get_track_data|L145] 2026-04-13T22:35:22+0200: 18647. She Don't Live Here Anymore by Judie Tzuke have been processed.
[INFO|get_track_data|L145] 2026-04-13T22:35:23+0200: 18648. Nighthawks by Judie Tzuke have been processed.
[INFO|get_track_data|L145] 2026-04-13T22:35:23+0200: 18649. This Is Who You Are by Holden Federico have been processed.
[INFO|get_track_data|L145] 2026-04-13T22:35:24+0200: 18650. Dark And Long - Dark Train by Underworld have been processed.
[INFO|get_track_data|L145] 2026-04-13T22:35:24+0200: 18651. As Alive As You Need Me To Be by Nine Inch Nails have been processed.
[INFO|get_track_data|L145] 2026-04-13T22:35:25+0200: 18652. As Alive As You Need Me To Be - Arca Remix by Nine Inch Nails have been processed.
[INFO|get_track_data|L145] 2026-04-13T22:35:26+0200: 18653. Init by Nine Inch Nails have been processed.
[INFO|get_track_data|L145] 2026-04-13T22:35:26+0200: 18654. Forked Reality by Nine Inch Nails have been processed.
[INFO|get_track_data|L145] 2026-04-13T22:35:27+0200: 18655. Echoes by Nine Inch Nails have been processed.
[INFO|get_track_data|L145] 2026-04-13T22:35:27+0200: 18656. This Changes Everything by Nine Inch Nails have been processed.
[INFO|get_track_data|L145] 2026-04-13T22:35:28+0200: 18657. In The Image Of by Nine Inch Nails have been processed.
[INFO|get_track_data|L145] 2026-04-13T22:35:29+0200: 18658. Lonely surprise by Pretty V have been processed.
[INFO|get_track_data|L145] 2026-04-13T22:35:29+0200: 18659. Deep by Babyfather have been processed.
[INFO|get_track_data|L145] 2026-04-13T22:35:30+0200: 18660. Making Plans for Nigel by XTC have been processed.
[INFO|get_track_data|L145] 2026-04-13T22:35:31+0200: 18661. Senses Working Overtime - Remastered 2001 by XTC have been processed.
[INFO|get_track_data|L145] 2026-04-13T22:35:31+0200: 18662. IM AUTISTIC by Christ Dillinger have been processed.
[INFO|get_track_data|L145] 2026-04-13T22:35:32+0200: 18663. Agnus Dei by The Last Dinner Party have been processed.
[INFO|get_track_data|L145] 2026-04-13T22:35:32+0200: 18664. Count The Ways by The Last Dinner Party have been processed.
[INFO|get_track_data|L145] 2026-04-13T22:35:33+0200: 18665. Second Best by The Last Dinner Party have been processed.
[INFO|get_track_data|L145] 2026-04-13T22:35:34+0200: 18666. This Is the Killer Speaking by The Last Dinner Party have been processed.
[INFO|get_track_data|L145] 2026-04-13T22:35:35+0200: 18667. Rifle by The Last Dinner Party have been processed.
[INFO|get_track_data|L145] 2026-04-13T22:35:35+0200: 18668. Woman is a Tree by The Last Dinner Party have been processed.
[INFO|get_track_data|L145] 2026-04-13T22:35:36+0200: 18669. I Hold Your Anger by The Last Dinner Party have been processed.
[INFO|get_track_data|L145] 2026-04-13T22:35:37+0200: 18670. Sail Away by The Last Dinner Party have been processed.
[INFO|get_track_data|L145] 2026-04-13T22:35:38+0200: 18671. The Scythe by The Last Dinner Party have been processed.
[INFO|get_track_data|L145] 2026-04-13T22:35:38+0200: 18672. One Month Off - Metal On Metal Remake by Bloc Party have been processed.
[INFO|get_track_data|L145] 2026-04-13T22:35:39+0200: 18673. Dreams Made Flesh - Remastered by This Mortal Coil have been processed.
[INFO|get_track_data|L145] 2026-04-13T22:35:39+0200: 18674. Not Me - Remastered by This Mortal Coil have been processed.
[INFO|get_track_data|L145] 2026-04-13T22:35:40+0200: 18675. A Single Wish - Remastered by This Mortal Coil have been processed.
[INFO|get_track_data|L145] 2026-04-13T22:35:40+0200: 18676. The Lacemaker - Remastered by This Mortal Coil have been processed.
[INFO|get_track_data|L145] 2026-04-13T22:35:41+0200: 18677. Love No More - 2024 Remaster by The Durutti Column have been processed.
[INFO|get_track_data|L145] 2026-04-13T22:35:42+0200: 18678. City Moon by Love Spirals Downwards have been processed.
[INFO|get_track_data|L145] 2026-04-13T22:35:42+0200: 18679. I'll Gather Flowers by Area have been processed.
[INFO|get_track_data|L145] 2026-04-13T22:35:43+0200: 18680. Drinking at a Stream - Remastered by Deux Filles have been processed.
[INFO|get_track_data|L145] 2026-04-13T22:35:44+0200: 18681. Acid, Bitter And Sad - Remastered by This Mortal Coil have been processed.
[INFO|get_track_data|L145] 2026-04-13T22:35:45+0200: 18682. Evergreen Dazed - Remastered Edition by Felt have been processed.
[INFO|get_track_data|L145] 2026-04-13T22:35:45+0200: 18683. Year of The Dragon by bassvictim have been processed.
[INFO|get_track_data|L145] 2026-04-13T22:35:46+0200: 18684. why tf would that help by Sophia Stel have been processed.
[INFO|get_track_data|L145] 2026-04-13T22:35:47+0200: 18685. No Pressure by Sophia Stel have been processed.
[INFO|get_track_data|L145] 2026-04-13T22:35:47+0200: 18686. You Could Hate Me by Sophia Stel have been processed.
[INFO|get_track_data|L145] 2026-04-13T22:35:48+0200: 18687. I'm Not Alone by Sophia Stel have been processed.
[INFO|get_track_data|L145] 2026-04-13T22:35:49+0200: 18688. Object Permanence - Vitesse X Remix by Sophia Stel have been processed.
[INFO|get_track_data|L145] 2026-04-13T22:35:49+0200: 18689. You Could Hate Me - Margo XS Remix by Sophia Stel have been processed.
[INFO|get_track_data|L145] 2026-04-13T22:35:50+0200: 18690. Anything You Want by Acopia have been processed.
[INFO|get_track_data|L145] 2026-04-13T22:35:51+0200: 18691. A melody, a lie by Helen Sun have been processed.
[INFO|get_track_data|L145] 2026-04-13T22:35:51+0200: 18692. The Element by After have been processed.
[INFO|get_track_data|L145] 2026-04-13T22:35:52+0200: 18693. After Sun by A Good Year have been processed.
[INFO|get_track_data|L145] 2026-04-13T22:35:53+0200: 18694. I Get the Feeling by True Blue have been processed.
[INFO|get_track_data|L145] 2026-04-13T22:35:53+0200: 18695. Forever - Tom VR Remix by Verses GT have been processed.
[INFO|get_track_data|L145] 2026-04-13T22:35:54+0200: 18696. CARGLASS by Subaru have been processed.
[INFO|get_track_data|L145] 2026-04-13T22:35:55+0200: 18697. Shades On by nettspend have been processed.
[INFO|get_track_data|L145] 2026-04-13T22:35:56+0200: 18698. Pain Talk (with OsamaSon) by nettspend have been processed.
[INFO|get_track_data|L145] 2026-04-13T22:35:56+0200: 18699. feel like this by freemyswag have been processed.
[INFO|get_track_data|L145] 2026-04-13T22:35:57+0200: 18700. i'm with you by archive computer have been processed.
[INFO|get_track_data|L145] 2026-04-13T22:35:58+0200: 18701. take you out by nettspend have been processed.
[INFO|get_track_data|L145] 2026-04-13T22:35:58+0200: 18702. Going Home by bassvictim have been processed.
[INFO|get_track_data|L145] 2026-04-13T22:35:59+0200: 18703. Illest Alive by Clams Casino have been processed.
[INFO|get_track_data|L145] 2026-04-13T22:36:00+0200: 18704. Beatback by Fcukers have been processed.
[INFO|get_track_data|L145] 2026-04-13T22:36:00+0200: 18705. Infant Ra by Inca Ore have been processed.
[INFO|get_track_data|L145] 2026-04-13T22:36:01+0200: 18706. For girls by Locust Toybox have been processed.
[INFO|get_track_data|L145] 2026-04-13T22:36:01+0200: 18707. Eyes in London by Felix Lee have been processed.
[INFO|get_track_data|L145] 2026-04-13T22:36:02+0200: 18708. Earth by Earl Sweatshirt have been processed.
[INFO|get_track_data|L145] 2026-04-13T22:36:03+0200: 18709. Mo Move by Underworld have been processed.
[INFO|get_track_data|L145] 2026-04-13T22:36:03+0200: 18710. Sola Sistim by Underworld have been processed.
[INFO|get_track_data|L145] 2026-04-13T22:36:04+0200: 18711. Little Speaker by Underworld have been processed.
[INFO|get_track_data|L145] 2026-04-13T22:36:05+0200: 18712. masked up (feat. YoungBoy Never Broke Again) by nettspend have been processed.
[INFO|get_track_data|L145] 2026-04-13T22:36:05+0200: 18713. Trim by Underworld have been processed.
[INFO|get_track_data|L145] 2026-04-13T22:36:06+0200: 18714. Test & Recognise by Seekae have been processed.
[INFO|get_track_data|L145] 2026-04-13T22:36:07+0200: 18715. Save Me by Gotye have been processed.
[INFO|get_track_data|L145] 2026-04-13T22:36:07+0200: 18716. Tell my man by Operelly have been processed.
[INFO|get_track_data|L145] 2026-04-13T22:36:08+0200: 18717. spiders by Teen Suicide have been processed.
[INFO|get_track_data|L145] 2026-04-13T22:36:08+0200: 18718. Just The Way You Are - Extended by Milky have been processed.
[INFO|get_track_data|L145] 2026-04-13T22:36:09+0200: 18719. Mr Moyo by Pretty V have been processed.
[INFO|get_track_data|L145] 2026-04-13T22:36:10+0200: 18720. special* by Mietze Conte have been processed.
[INFO|get_track_data|L145] 2026-04-13T22:36:10+0200: 18721. allee by Mietze Conte have been processed.
[INFO|get_track_data|L145] 2026-04-13T22:36:11+0200: 18722. klk (feat. S1rena) by Mietze Conte have been processed.
[INFO|get_track_data|L145] 2026-04-13T22:36:11+0200: 18723. are you real? by Mietze Conte have been processed.
[INFO|get_track_data|L145] 2026-04-13T22:36:12+0200: 18724. canada by Mietze Conte have been processed.
[INFO|get_track_data|L145] 2026-04-13T22:36:13+0200: 18725. makeit by Mietze Conte have been processed.
[INFO|get_track_data|L145] 2026-04-13T22:36:13+0200: 18726. weather / synthesizer <8<v299 by Mietze Conte have been processed.
[INFO|get_track_data|L145] 2026-04-13T22:36:14+0200: 18727. Sweet Jane - Full Length Version; 2015 Remaster by The Velvet Underground have been processed.
[INFO|get_track_data|L145] 2026-04-13T22:36:15+0200: 18728. Cool It Down - 2015 Remaster by The Velvet Underground have been processed.
[INFO|get_track_data|L145] 2026-04-13T22:36:16+0200: 18729. New Age - Full Length Version; 2015 Remaster by The Velvet Underground have been processed.
[INFO|get_track_data|L145] 2026-04-13T22:36:17+0200: 18730. Head Held High - 2015 Remaster by The Velvet Underground have been processed.
[INFO|get_track_data|L145] 2026-04-13T22:36:17+0200: 18731. Lonesome Cowboy Bill - 2015 Remaster by The Velvet Underground have been processed.
[INFO|get_track_data|L145] 2026-04-13T22:36:18+0200: 18732. I Found a Reason - 2015 Remaster by The Velvet Underground have been processed.
[INFO|get_track_data|L145] 2026-04-13T22:36:19+0200: 18733. Train Round the Bend - 2015 Remaster by The Velvet Underground have been processed.
[INFO|get_track_data|L145] 2026-04-13T22:36:19+0200: 18734. I'm Sticking with You - Session Outtake; 2015 Remaster by The Velvet Underground have been processed.
[INFO|get_track_data|L145] 2026-04-13T22:36:20+0200: 18735. Ocean - Session Outtake; 2015 Remaster by The Velvet Underground have been processed.
[INFO|get_track_data|L145] 2026-04-13T22:36:21+0200: 18736. I Love You - Session Outtake; 2015 Remaster by The Velvet Underground have been processed.
[INFO|get_track_data|L145] 2026-04-13T22:36:21+0200: 18737. Ride into the Sun - Session Outtake; 2015 Remaster by The Velvet Underground have been processed.
[INFO|get_track_data|L145] 2026-04-13T22:36:22+0200: 18738. Video Life by Chris Spedding have been processed.
[INFO|get_track_data|L145] 2026-04-13T22:36:23+0200: 18739. This Modern Love by Bloc Party have been processed.
[INFO|get_track_data|L145] 2026-04-13T22:36:23+0200: 18740. Pony by Pretty V have been processed.
[INFO|get_track_data|L145] 2026-04-13T22:36:24+0200: 18741. Double Rainbow by Katy Perry have been processed.
[INFO|get_track_data|L145] 2026-04-13T22:36:24+0200: 18742. Time of the Season - Mono Remastered by The Zombies have been processed.
[INFO|get_track_data|L145] 2026-04-13T22:36:25+0200: 18743. How Long by Ace have been processed.
[INFO|get_track_data|L145] 2026-04-13T22:36:25+0200: 18744. Helicopter - 2001 Digital Remaster by XTC have been processed.
[INFO|get_track_data|L145] 2026-04-13T22:36:26+0200: 18745. Day In Day Out - 2001 Digital Remaster by XTC have been processed.
[INFO|get_track_data|L145] 2026-04-13T22:36:26+0200: 18746. Ten Feet Tall - 2001 Digital Remaster by XTC have been processed.
[INFO|get_track_data|L145] 2026-04-13T22:36:27+0200: 18747. Roads Girdle The Globe - 2001 Digital Remaster by XTC have been processed.
[INFO|get_track_data|L145] 2026-04-13T22:36:28+0200: 18748. Reel By Reel - 2001 Digital Remaster by XTC have been processed.
[INFO|get_track_data|L145] 2026-04-13T22:36:28+0200: 18749. Frankie Knuckles by X CLUB. have been processed.
[INFO|get_track_data|L145] 2026-04-13T22:36:29+0200: 18750. Sunlight Zone by Laurel Halo have been processed.
[INFO|get_track_data|L145] 2026-04-13T22:36:30+0200: 18751. God's A Different Sword by Folk Bitch Trio have been processed.
[INFO|get_track_data|L145] 2026-04-13T22:36:30+0200: 18752. I Kiss Your Lips by Vieze Asbak have been processed.
[INFO|get_track_data|L145] 2026-04-13T22:36:31+0200: 18753. Hotel TV by Folk Bitch Trio have been processed.
[INFO|get_track_data|L145] 2026-04-13T22:36:32+0200: 18754. Moth Song by Folk Bitch Trio have been processed.
[INFO|get_track_data|L145] 2026-04-13T22:36:32+0200: 18755. I'll Find A Way (To Carry It All) by Folk Bitch Trio have been processed.
[INFO|get_track_data|L145] 2026-04-13T22:36:33+0200: 18756. Cathode Ray by Folk Bitch Trio have been processed.
[INFO|get_track_data|L145] 2026-04-13T22:36:34+0200: 18757. Foreign Bird by Folk Bitch Trio have been processed.
[INFO|get_track_data|L145] 2026-04-13T22:36:34+0200: 18758. That’s All She Wrote by Folk Bitch Trio have been processed.
[INFO|get_track_data|L145] 2026-04-13T22:36:35+0200: 18759. Mary’s Playing the Harp by Folk Bitch Trio have been processed.
[INFO|get_track_data|L145] 2026-04-13T22:36:35+0200: 18760. Sex on Fire - triple j Like A Version by Folk Bitch Trio have been processed.
[INFO|get_track_data|L145] 2026-04-13T22:36:36+0200: 18761. To What Do I Owe My Pleasure by Ruby Gill have been processed.
[INFO|get_track_data|L145] 2026-04-13T22:36:37+0200: 18762. In For The Kill by Rowena Wise have been processed.
[INFO|get_track_data|L145] 2026-04-13T22:36:38+0200: 18763. golden arm by Sadurn have been processed.
[INFO|get_track_data|L145] 2026-04-13T22:36:38+0200: 18764. Wake Me if I'm Asleep by Allegra Krieger have been processed.
[INFO|get_track_data|L145] 2026-04-13T22:36:39+0200: 18765. Pain Killer by Iceage have been processed.
[INFO|get_track_data|L145] 2026-04-13T22:36:39+0200: 18766. Mississippi Queen by Mountain have been processed.
[INFO|get_track_data|L145] 2026-04-13T22:36:40+0200: 18767. Theme For An Imaginary Western by Mountain have been processed.
[INFO|get_track_data|L145] 2026-04-13T22:36:41+0200: 18768. Never In My Life by Mountain have been processed.
[INFO|get_track_data|L145] 2026-04-13T22:36:42+0200: 18769. Silver Paper by Mountain have been processed.
[INFO|get_track_data|L145] 2026-04-13T22:36:42+0200: 18770. For Yasgur's Farm by Mountain have been processed.
[INFO|get_track_data|L145] 2026-04-13T22:36:43+0200: 18771. To My Friend by Mountain have been processed.
[INFO|get_track_data|L145] 2026-04-13T22:36:44+0200: 18772. The Laird by Mountain have been processed.
[INFO|get_track_data|L145] 2026-04-13T22:36:44+0200: 18773. Sittin' On A Rainbow by Mountain have been processed.
[INFO|get_track_data|L145] 2026-04-13T22:36:45+0200: 18774. Boys In The Band by Mountain have been processed.
[INFO|get_track_data|L145] 2026-04-13T22:36:46+0200: 18775. For Yasgur's Farm - Live by Mountain have been processed.
[INFO|get_track_data|L145] 2026-04-13T22:36:47+0200: 18776. A Life That Ain't Worth Living by Toad have been processed.
[INFO|get_track_data|L145] 2026-04-13T22:36:48+0200: 18777. Crossroader by Mountain have been processed.
[INFO|get_track_data|L145] 2026-04-13T22:36:48+0200: 18778. Evil - Single Version by Cactus have been processed.
[INFO|get_track_data|L145] 2026-04-13T22:36:49+0200: 18779. Raging River Of Fear by Captain Beyond have been processed.
[INFO|get_track_data|L145] 2026-04-13T22:36:49+0200: 18780. Rock & Roll Woman by Buffalo Springfield have been processed.
[INFO|get_track_data|L145] 2026-04-13T22:36:50+0200: 18781. Time Was by Canned Heat have been processed.
[INFO|get_track_data|L145] 2026-04-13T22:36:51+0200: 18782. No Need by Toad have been processed.
[INFO|get_track_data|L145] 2026-04-13T22:36:52+0200: 18783. Unconscious Power by Iron Butterfly have been processed.
[INFO|get_track_data|L145] 2026-04-13T22:36:52+0200: 18784. I Feel The Air (Demo) by Stereolab have been processed.
[INFO|get_track_data|L145] 2026-04-13T22:36:53+0200: 18785. leave this world behind by meat computer have been processed.
[INFO|get_track_data|L145] 2026-04-13T22:36:53+0200: 18786. Reset by Jonah Paz have been processed.
[INFO|get_track_data|L145] 2026-04-13T22:36:54+0200: 18787. Shiny kindness by Helen Sun have been processed.
[INFO|get_track_data|L145] 2026-04-13T22:36:54+0200: 18788. ALL TALK (CHEWED OUT) by kmoe have been processed.
[INFO|get_track_data|L145] 2026-04-13T22:36:55+0200: 18789. The 343 Loop by King Krule have been processed.
[INFO|get_track_data|L145] 2026-04-13T22:36:56+0200: 18790. If You Wanna Party, Come Over to My House by Fcukers have been processed.
[INFO|get_track_data|L145] 2026-04-13T22:36:56+0200: 18791. Demolition by Felix Lee have been processed.
[INFO|get_track_data|L145] 2026-04-13T22:36:57+0200: 18792. Plastic Doll by Felix Lee have been processed.
[INFO|get_track_data|L145] 2026-04-13T22:36:58+0200: 18793. Slip Locks by Felix Lee have been processed.
[INFO|get_track_data|L145] 2026-04-13T22:36:58+0200: 18794. On My Fingers by Iceage have been processed.
[INFO|get_track_data|L145] 2026-04-13T22:36:59+0200: 18795. Low Burn by Underworld have been processed.
[INFO|get_track_data|L145] 2026-04-13T22:36:59+0200: 18796. Big Solo by Alba Akvama have been processed.
[INFO|get_track_data|L145] 2026-04-13T22:37:00+0200: 18797. It's a Rainy Day On The Cosmic Shore by Ana Roxanne have been processed.
[INFO|get_track_data|L145] 2026-04-13T22:37:01+0200: 18798. Even God Gets Stuck In Devotion by Dagmar Zuniga have been processed.
[INFO|get_track_data|L145] 2026-04-13T22:37:01+0200: 18799. Always Tomorrow by Tokyo Tea Room have been processed.
[INFO|get_track_data|L145] 2026-04-13T22:37:02+0200: 18800. Della Reese At The Movies by Michael Seyer have been processed.
[INFO|get_track_data|L145] 2026-04-13T22:37:02+0200: 18801. You Look Well by SALES have been processed.
[INFO|get_track_data|L145] 2026-04-13T22:37:03+0200: 18802. Les Be Honest by Connan Mockasin have been processed.
[INFO|get_track_data|L145] 2026-04-13T22:37:04+0200: 18803. Always A Relief by The Radio Dept. have been processed.
[INFO|get_track_data|L145] 2026-04-13T22:37:05+0200: 18804. At Home by Slow Pulp have been processed.
[INFO|get_track_data|L145] 2026-04-13T22:37:05+0200: 18805. Forever Out Of Time by Tokyo Tea Room have been processed.
[INFO|get_track_data|L145] 2026-04-13T22:37:06+0200: 18806. This Old House Is All I Have by Against All Logic have been processed.
[INFO|get_track_data|L145] 2026-04-13T22:37:07+0200: 18807. I Never Dream by Against All Logic have been processed.
[INFO|get_track_data|L145] 2026-04-13T22:37:07+0200: 18808. Hopeless by Against All Logic have been processed.
[INFO|get_track_data|L145] 2026-04-13T22:37:08+0200: 18809. LKJ by Against All Logic have been processed.
[INFO|get_track_data|L145] 2026-04-13T22:37:09+0200: 18810. 312 by Imagine Drowning have been processed.
[INFO|get_track_data|L145] 2026-04-13T22:37:09+0200: 18811. Passacaglia - Allegro moderato by Krzysztof Penderecki have been processed.
[INFO|get_track_data|L145] 2026-04-13T22:37:10+0200: 18812. Love Is A State by Bladee have been processed.
[INFO|get_track_data|L145] 2026-04-13T22:37:10+0200: 18813. Eyelash by Bladee have been processed.
[INFO|get_track_data|L145] 2026-04-13T22:37:11+0200: 18814. The Mansion by The Microphones have been processed.
[INFO|get_track_data|L145] 2026-04-13T22:37:12+0200: 18815. (Something) - 1 by The Microphones have been processed.
[INFO|get_track_data|L145] 2026-04-13T22:37:13+0200: 18816. I'll Not Contain You by The Microphones have been processed.
[INFO|get_track_data|L145] 2026-04-13T22:37:13+0200: 18817. Darkness by Chris Stussy have been processed.
[INFO|get_track_data|L145] 2026-04-13T22:37:14+0200: 18818. Soul Brother by Dalton have been processed.
[INFO|get_track_data|L145] 2026-04-13T22:37:16+0200: 18819. I Love You Always Forever by Donna Lewis have been processed.
